<?xml version="1.0" encoding="UTF-8"?>
<testsuite xmlns:xsi="http://www.w3.org/2001/XMLSchema-instance" xsi:noNamespaceSchemaLocation="https://maven.apache.org/surefire/maven-surefire-plugin/xsd/surefire-test-report-3.0.xsd" version="3.0" name="com.digiwin.workorder.dwworkorder.service.impl.WorkOrderServiceTest" time="2.42" tests="13" errors="0" skipped="0" failures="0">
  <properties>
    <property name="sun.desktop" value="windows"/>
    <property name="awt.toolkit" value="sun.awt.windows.WToolkit"/>
    <property name="file.encoding.pkg" value="sun.io"/>
    <property name="java.specification.version" value="1.8"/>
    <property name="sun.cpu.isalist" value="amd64"/>
    <property name="sun.jnu.encoding" value="MS950"/>
    <property name="java.class.path" value="C:\Users\ASUS\Desktop\devom_backend\devom_backend\develop\module\DWWorkOrder\workorder-service-impl-dwworkorder\target\test-classes;C:\Users\ASUS\Desktop\devom_backend\devom_backend\develop\module\DWWorkOrder\workorder-service-impl-dwworkorder\target\classes;C:\Users\ASUS\Desktop\devom_backend\devom_backend\develop\module\DWWorkOrder\workorder-service-interface-dwworkorder\target\workorder-service-interface-dwworkorder-3.1.0.1000.jar;C:\Users\ASUS\.m2\repository\org\json\json\20180130\json-20180130.jar;C:\Users\ASUS\.m2\repository\org\springframework\spring-core\5.0.5.RELEASE\spring-core-5.0.5.RELEASE.jar;C:\Users\ASUS\.m2\repository\org\springframework\spring-jcl\5.0.5.RELEASE\spring-jcl-5.0.5.RELEASE.jar;C:\Users\ASUS\.m2\repository\org\springframework\spring-beans\5.0.5.RELEASE\spring-beans-5.0.5.RELEASE.jar;C:\Users\ASUS\.m2\repository\org\springframework\spring-context\5.0.5.RELEASE\spring-context-5.0.5.RELEASE.jar;C:\Users\ASUS\.m2\repository\org\springframework\spring-web\5.0.5.RELEASE\spring-web-5.0.5.RELEASE.jar;C:\Users\ASUS\.m2\repository\org\springframework\spring-orm\5.0.5.RELEASE\spring-orm-5.0.5.RELEASE.jar;C:\Users\ASUS\.m2\repository\org\springframework\spring-jdbc\5.0.5.RELEASE\spring-jdbc-5.0.5.RELEASE.jar;C:\Users\ASUS\.m2\repository\org\springframework\spring-tx\5.0.5.RELEASE\spring-tx-5.0.5.RELEASE.jar;C:\Users\ASUS\.m2\repository\org\springframework\spring-expression\5.0.5.RELEASE\spring-expression-5.0.5.RELEASE.jar;C:\Users\ASUS\.m2\repository\org\springframework\spring-jms\5.0.5.RELEASE\spring-jms-5.0.5.RELEASE.jar;C:\Users\ASUS\.m2\repository\org\springframework\spring-messaging\5.0.5.RELEASE\spring-messaging-5.0.5.RELEASE.jar;C:\Users\ASUS\.m2\repository\org\springframework\spring-context-support\5.0.5.RELEASE\spring-context-support-5.0.5.RELEASE.jar;C:\Users\ASUS\.m2\repository\org\springframework\spring-websocket\5.0.5.RELEASE\spring-websocket-5.0.5.RELEASE.jar;C:\Users\ASUS\.m2\repository\org\springframework\spring-test\5.0.5.RELEASE\spring-test-5.0.5.RELEASE.jar;C:\Users\ASUS\.m2\repository\org\springframework\spring-instrument\5.0.5.RELEASE\spring-instrument-5.0.5.RELEASE.jar;C:\Users\ASUS\.m2\repository\org\springframework\spring-aop\5.0.5.RELEASE\spring-aop-5.0.5.RELEASE.jar;C:\Users\ASUS\.m2\repository\org\springframework\spring-aspects\5.0.5.RELEASE\spring-aspects-5.0.5.RELEASE.jar;C:\Users\ASUS\.m2\repository\org\aspectj\aspectjweaver\1.8.13\aspectjweaver-1.8.13.jar;C:\Users\ASUS\.m2\repository\com\digiwin\DWQueue-saas\1.11\DWQueue-saas-1.11.jar;C:\Users\ASUS\.m2\repository\com\digiwin\DWQueue-core\1.11\DWQueue-core-1.11.jar;C:\Users\ASUS\.m2\repository\com\rabbitmq\amqp-client\4.11.0\amqp-client-4.11.0.jar;C:\Users\ASUS\.m2\repository\org\slf4j\slf4j-simple\1.6.6\slf4j-simple-1.6.6.jar;C:\Users\ASUS\.m2\repository\com\digiwin\DWQueue-tenant\1.11\DWQueue-tenant-1.11.jar;C:\Users\ASUS\.m2\repository\com\digiwin\dwapiplatform-cache\3.1.0.1000\dwapiplatform-cache-3.1.0.1000.jar;C:\Users\ASUS\.m2\repository\org\springframework\data\spring-data-redis\2.0.6.RELEASE\spring-data-redis-2.0.6.RELEASE.jar;C:\Users\ASUS\.m2\repository\org\springframework\data\spring-data-keyvalue\2.0.6.RELEASE\spring-data-keyvalue-2.0.6.RELEASE.jar;C:\Users\ASUS\.m2\repository\org\springframework\data\spring-data-commons\2.0.6.RELEASE\spring-data-commons-2.0.6.RELEASE.jar;C:\Users\ASUS\.m2\repository\org\springframework\spring-oxm\5.0.5.RELEASE\spring-oxm-5.0.5.RELEASE.jar;C:\Users\ASUS\.m2\repository\org\slf4j\slf4j-api\1.7.25\slf4j-api-1.7.25.jar;C:\Users\ASUS\.m2\repository\com\digiwin\dwapiplatform-tokenservice\3.1.0.1000\dwapiplatform-tokenservice-3.1.0.1000.jar;C:\Users\ASUS\.m2\repository\io\jsonwebtoken\jjwt\0.6.0\jjwt-0.6.0.jar;C:\Users\ASUS\.m2\repository\com\fasterxml\jackson\core\jackson-databind\2.4.2\jackson-databind-2.4.2.jar;C:\Users\ASUS\.m2\repository\com\fasterxml\jackson\core\jackson-annotations\2.4.0\jackson-annotations-2.4.0.jar;C:\Users\ASUS\.m2\repository\com\digiwin\dwapiplatform-filter\3.1.0.1000\dwapiplatform-filter-3.1.0.1000.jar;C:\Users\ASUS\.m2\repository\org\apache\commons\commons-lang3\3.7\commons-lang3-3.7.jar;C:\Users\ASUS\.m2\repository\com\auth0\java-jwt\3.3.0\java-jwt-3.3.0.jar;C:\Users\ASUS\.m2\repository\commons-codec\commons-codec\1.11\commons-codec-1.11.jar;C:\Users\ASUS\.m2\repository\com\digiwin\dwapiplatform-json\3.1.0.1000\dwapiplatform-json-3.1.0.1000.jar;C:\Users\ASUS\.m2\repository\com\google\code\gson\gson\2.8.2\gson-2.8.2.jar;C:\Users\ASUS\.m2\repository\com\digiwin\dwapiplatform-service\3.1.0.1000\dwapiplatform-service-3.1.0.1000.jar;C:\Users\ASUS\.m2\repository\org\springframework\boot\spring-boot-starter\2.0.1.RELEASE\spring-boot-starter-2.0.1.RELEASE.jar;C:\Users\ASUS\.m2\repository\org\springframework\boot\spring-boot-starter-logging\2.0.1.RELEASE\spring-boot-starter-logging-2.0.1.RELEASE.jar;C:\Users\ASUS\.m2\repository\ch\qos\logback\logback-classic\1.2.3\logback-classic-1.2.3.jar;C:\Users\ASUS\.m2\repository\ch\qos\logback\logback-core\1.2.3\logback-core-1.2.3.jar;C:\Users\ASUS\.m2\repository\org\apache\logging\log4j\log4j-to-slf4j\2.10.0\log4j-to-slf4j-2.10.0.jar;C:\Users\ASUS\.m2\repository\org\slf4j\jul-to-slf4j\1.7.25\jul-to-slf4j-1.7.25.jar;C:\Users\ASUS\.m2\repository\javax\annotation\javax.annotation-api\1.3.2\javax.annotation-api-1.3.2.jar;C:\Users\ASUS\.m2\repository\org\yaml\snakeyaml\1.19\snakeyaml-1.19.jar;C:\Users\ASUS\.m2\repository\com\digiwin\dwapiplatform-platformadapter\3.1.0.1000\dwapiplatform-platformadapter-3.1.0.1000.jar;C:\Users\ASUS\.m2\repository\com\digiwin\dwapiplatform-fuse\3.1.0.1000\dwapiplatform-fuse-3.1.0.1000.jar;C:\Users\ASUS\.m2\repository\io\github\resilience4j\resilience4j-all\1.1.0\resilience4j-all-1.1.0.jar;C:\Users\ASUS\.m2\repository\io\vavr\vavr\0.10.0\vavr-0.10.0.jar;C:\Users\ASUS\.m2\repository\io\vavr\vavr-match\0.10.0\vavr-match-0.10.0.jar;C:\Users\ASUS\.m2\repository\io\github\resilience4j\resilience4j-core\1.1.0\resilience4j-core-1.1.0.jar;C:\Users\ASUS\.m2\repository\io\github\resilience4j\resilience4j-ratelimiter\1.1.0\resilience4j-ratelimiter-1.1.0.jar;C:\Users\ASUS\.m2\repository\io\github\resilience4j\resilience4j-bulkhead\1.1.0\resilience4j-bulkhead-1.1.0.jar;C:\Users\ASUS\.m2\repository\io\github\resilience4j\resilience4j-circularbuffer\1.1.0\resilience4j-circularbuffer-1.1.0.jar;C:\Users\ASUS\.m2\repository\io\github\resilience4j\resilience4j-circuitbreaker\1.1.0\resilience4j-circuitbreaker-1.1.0.jar;C:\Users\ASUS\.m2\repository\io\github\resilience4j\resilience4j-retry\1.1.0\resilience4j-retry-1.1.0.jar;C:\Users\ASUS\.m2\repository\io\github\resilience4j\resilience4j-consumer\1.1.0\resilience4j-consumer-1.1.0.jar;C:\Users\ASUS\.m2\repository\io\github\resilience4j\resilience4j-cache\1.1.0\resilience4j-cache-1.1.0.jar;C:\Users\ASUS\.m2\repository\javax\cache\cache-api\1.1.0\cache-api-1.1.0.jar;C:\Users\ASUS\.m2\repository\io\github\resilience4j\resilience4j-timelimiter\1.1.0\resilience4j-timelimiter-1.1.0.jar;C:\Users\ASUS\.m2\repository\io\github\resilience4j\resilience4j-micrometer\1.1.0\resilience4j-micrometer-1.1.0.jar;C:\Users\ASUS\.m2\repository\io\github\resilience4j\resilience4j-prometheus\1.1.0\resilience4j-prometheus-1.1.0.jar;C:\Users\ASUS\.m2\repository\io\prometheus\simpleclient_common\0.6.0\simpleclient_common-0.6.0.jar;C:\Users\ASUS\.m2\repository\io\prometheus\simpleclient\0.6.0\simpleclient-0.6.0.jar;C:\Users\ASUS\.m2\repository\io\micrometer\micrometer-registry-prometheus\1.0.3\micrometer-registry-prometheus-1.0.3.jar;C:\Users\ASUS\.m2\repository\io\micrometer\micrometer-core\1.0.3\micrometer-core-1.0.3.jar;C:\Users\ASUS\.m2\repository\org\hdrhistogram\HdrHistogram\2.1.10\HdrHistogram-2.1.10.jar;C:\Users\ASUS\.m2\repository\org\latencyutils\LatencyUtils\2.0.3\LatencyUtils-2.0.3.jar;C:\Users\ASUS\.m2\repository\com\digiwin\dwapiplatform-launcher\3.1.0.1000\dwapiplatform-launcher-3.1.0.1000.jar;C:\Users\ASUS\.m2\repository\com\github\core-lib\xjar\v2.0.6\xjar-v2.0.6.jar;C:\Users\ASUS\.m2\repository\org\apache\commons\commons-compress\1.18\commons-compress-1.18.jar;C:\Users\ASUS\.m2\repository\com\github\core-lib\loadkit\v1.0.1\loadkit-v1.0.1.jar;C:\Users\ASUS\.m2\repository\com\digiwin\dwapiplatform-apolloreplica\3.1.0.1000\dwapiplatform-apolloreplica-3.1.0.1000.jar;C:\Users\ASUS\.m2\repository\com\ctrip\framework\apollo\apollo-client\1.4.0\apollo-client-1.4.0.jar;C:\Users\ASUS\.m2\repository\com\ctrip\framework\apollo\apollo-core\1.4.0\apollo-core-1.4.0.jar;C:\Users\ASUS\.m2\repository\com\google\guava\guava\19.0\guava-19.0.jar;C:\Users\ASUS\.m2\repository\com\google\inject\guice\4.1.0\guice-4.1.0.jar;C:\Users\ASUS\.m2\repository\javax\inject\javax.inject\1\javax.inject-1.jar;C:\Users\ASUS\.m2\repository\aopalliance\aopalliance\1.0\aopalliance-1.0.jar;C:\Users\ASUS\.m2\repository\org\springframework\boot\spring-boot\2.0.1.RELEASE\spring-boot-2.0.1.RELEASE.jar;C:\Users\ASUS\.m2\repository\org\springframework\boot\spring-boot-autoconfigure\2.0.1.RELEASE\spring-boot-autoconfigure-2.0.1.RELEASE.jar;C:\Users\ASUS\.m2\repository\commons-logging\commons-logging\1.2\commons-logging-1.2.jar;C:\Users\ASUS\.m2\repository\org\apache\logging\log4j\log4j-core\2.10.0\log4j-core-2.10.0.jar;C:\Users\ASUS\.m2\repository\org\apache\logging\log4j\log4j-api\2.10.0\log4j-api-2.10.0.jar;C:\Users\ASUS\.m2\repository\com\digiwin\dwapiplatform-server\3.1.0.1000\dwapiplatform-server-3.1.0.1000.jar;C:\Users\ASUS\.m2\repository\javaConsole\JavaConsole\1.0.0\JavaConsole-1.0.0.jar;C:\Users\ASUS\.m2\repository\com\digiwin\dwapiplatform-security\3.1.0.1000\dwapiplatform-security-3.1.0.1000.jar;C:\Users\ASUS\.m2\repository\org\springframework\boot\spring-boot-starter-web\2.0.1.RELEASE\spring-boot-starter-web-2.0.1.RELEASE.jar;C:\Users\ASUS\.m2\repository\org\springframework\boot\spring-boot-starter-json\2.0.1.RELEASE\spring-boot-starter-json-2.0.1.RELEASE.jar;C:\Users\ASUS\.m2\repository\com\fasterxml\jackson\datatype\jackson-datatype-jdk8\2.9.5\jackson-datatype-jdk8-2.9.5.jar;C:\Users\ASUS\.m2\repository\com\fasterxml\jackson\datatype\jackson-datatype-jsr310\2.9.5\jackson-datatype-jsr310-2.9.5.jar;C:\Users\ASUS\.m2\repository\com\fasterxml\jackson\module\jackson-module-parameter-names\2.9.5\jackson-module-parameter-names-2.9.5.jar;C:\Users\ASUS\.m2\repository\org\springframework\boot\spring-boot-starter-tomcat\2.0.1.RELEASE\spring-boot-starter-tomcat-2.0.1.RELEASE.jar;C:\Users\ASUS\.m2\repository\org\apache\tomcat\embed\tomcat-embed-core\8.5.29\tomcat-embed-core-8.5.29.jar;C:\Users\ASUS\.m2\repository\org\apache\tomcat\embed\tomcat-embed-el\8.5.29\tomcat-embed-el-8.5.29.jar;C:\Users\ASUS\.m2\repository\org\apache\tomcat\embed\tomcat-embed-websocket\8.5.29\tomcat-embed-websocket-8.5.29.jar;C:\Users\ASUS\.m2\repository\org\hibernate\validator\hibernate-validator\6.0.9.Final\hibernate-validator-6.0.9.Final.jar;C:\Users\ASUS\.m2\repository\org\jboss\logging\jboss-logging\3.3.2.Final\jboss-logging-3.3.2.Final.jar;C:\Users\ASUS\.m2\repository\com\fasterxml\classmate\1.3.4\classmate-1.3.4.jar;C:\Users\ASUS\.m2\repository\org\springframework\spring-webmvc\5.0.5.RELEASE\spring-webmvc-5.0.5.RELEASE.jar;C:\Users\ASUS\.m2\repository\com\digiwin\dwapiplatform-module\3.1.0.1000\dwapiplatform-module-3.1.0.1000.jar;C:\Users\ASUS\.m2\repository\org\apache\commons\commons-csv\1.1\commons-csv-1.1.jar;C:\Users\ASUS\.m2\repository\org\apache\commons\commons-vfs2\2.2\commons-vfs2-2.2.jar;C:\Users\ASUS\.m2\repository\com\digiwin\dwapiplatform-container\3.1.0.1000\dwapiplatform-container-3.1.0.1000.jar;C:\Users\ASUS\.m2\repository\com\digiwin\dwapiplatform-container-local\3.1.0.1000\dwapiplatform-container-local-3.1.0.1000.jar;C:\Users\ASUS\.m2\repository\org\apache\httpcomponents\httpclient\4.5.5\httpclient-4.5.5.jar;C:\Users\ASUS\.m2\repository\org\apache\httpcomponents\httpcore\4.4.9\httpcore-4.4.9.jar;C:\Users\ASUS\.m2\repository\com\digiwin\dwapiplatform-dao\3.1.0.1000\dwapiplatform-dao-3.1.0.1000.jar;C:\Users\ASUS\.m2\repository\com\github\jsqlparser\jsqlparser\3.1\jsqlparser-3.1.jar;C:\Users\ASUS\.m2\repository\org\apache\commons\commons-dbcp2\2.2.0\commons-dbcp2-2.2.0.jar;C:\Users\ASUS\.m2\repository\org\mariadb\jdbc\mariadb-java-client\2.2.3\mariadb-java-client-2.2.3.jar;C:\Users\ASUS\.m2\repository\com\alibaba\druid\1.0.29\druid-1.0.29.jar;C:\Users\ASUS\Desktop\sampleapp1_backend\develop\jdk\java-1.8.0-openjdk-1.8.0.191-1.b12.redhat.windows.x86_64\jre\..\lib\jconsole.jar;C:\Users\ASUS\Desktop\sampleapp1_backend\develop\jdk\java-1.8.0-openjdk-1.8.0.191-1.b12.redhat.windows.x86_64\jre\..\lib\tools.jar;C:\Users\ASUS\.m2\repository\com\mchange\c3p0\0.9.5.2\c3p0-0.9.5.2.jar;C:\Users\ASUS\.m2\repository\com\mchange\mchange-commons-java\0.2.11\mchange-commons-java-0.2.11.jar;C:\Users\ASUS\.m2\repository\javax\persistence\javax.persistence-api\2.2\javax.persistence-api-2.2.jar;C:\Users\ASUS\.m2\repository\commons-dbutils\commons-dbutils\1.6\commons-dbutils-1.6.jar;C:\Users\ASUS\.m2\repository\org\aspectj\aspectjrt\1.8.13\aspectjrt-1.8.13.jar;C:\Users\ASUS\.m2\repository\com\digiwin\dwapiplatform-dao-serializer\3.1.0.1000\dwapiplatform-dao-serializer-3.1.0.1000.jar;C:\Users\ASUS\.m2\repository\com\digiwin\dwapiplatform-resourcebundle\3.1.0.1000\dwapiplatform-resourcebundle-3.1.0.1000.jar;C:\Users\ASUS\.m2\repository\com\digiwin\dwapiplatform-iam\3.1.0.1000\dwapiplatform-iam-3.1.0.1000.jar;C:\Users\ASUS\.m2\repository\commons-io\commons-io\2.5\commons-io-2.5.jar;C:\Users\ASUS\.m2\repository\com\digiwin\dwapiplatform-httpclient\3.1.0.1000\dwapiplatform-httpclient-3.1.0.1000.jar;C:\Users\ASUS\.m2\repository\com\digiwin\dwapiplatform-schedule\3.1.0.1000\dwapiplatform-schedule-3.1.0.1000.jar;C:\Users\ASUS\.m2\repository\org\quartz-scheduler\quartz\2.3.0\quartz-2.3.0.jar;C:\Users\ASUS\.m2\repository\commons-collections\commons-collections\3.2.2\commons-collections-3.2.2.jar;C:\Users\ASUS\.m2\repository\net\sf\biweekly\biweekly\0.6.1\biweekly-0.6.1.jar;C:\Users\ASUS\.m2\repository\com\github\mangstadt\vinnie\2.0.0\vinnie-2.0.0.jar;C:\Users\ASUS\.m2\repository\com\fasterxml\jackson\core\jackson-core\2.6.1\jackson-core-2.6.1.jar;C:\Users\ASUS\.m2\repository\com\digiwin\dwapiplatform-eai\3.1.0.1000\dwapiplatform-eai-3.1.0.1000.jar;C:\Users\ASUS\.m2\repository\com\digiwin\dwapiplatform-restfulcontainer\3.1.0.1000\dwapiplatform-restfulcontainer-3.1.0.1000.jar;C:\Users\ASUS\.m2\repository\com\digiwin\dwapiplatform-log\3.1.0.1000\dwapiplatform-log-3.1.0.1000.jar;C:\Users\ASUS\.m2\repository\org\mongodb\mongo-java-driver\3.6.3\mongo-java-driver-3.6.3.jar;C:\Users\ASUS\.m2\repository\com\digiwin\dwapiplatform-springboot\3.1.0.1000\dwapiplatform-springboot-3.1.0.1000.jar;C:\Users\ASUS\.m2\repository\com\digiwin\dwapiplatform-metadata\3.1.0.1000\dwapiplatform-metadata-3.1.0.1000.jar;C:\Users\ASUS\.m2\repository\com\digiwin\dwapiplatform-serviceclient\3.1.0.1000\dwapiplatform-serviceclient-3.1.0.1000.jar;C:\Users\ASUS\.m2\repository\com\digiwin\dwapiplatform-persistconn\3.1.0.1000\dwapiplatform-persistconn-3.1.0.1000.jar;C:\Users\ASUS\.m2\repository\commons-beanutils\commons-beanutils\1.9.3\commons-beanutils-1.9.3.jar;C:\Users\ASUS\.m2\repository\com\digiwin\dwapiplatform-tracing\3.1.0.1000\dwapiplatform-tracing-3.1.0.1000.jar;C:\Users\ASUS\.m2\repository\io\zipkin\reporter2\zipkin-sender-okhttp3\2.8.1\zipkin-sender-okhttp3-2.8.1.jar;C:\Users\ASUS\.m2\repository\io\zipkin\reporter2\zipkin-reporter\2.8.1\zipkin-reporter-2.8.1.jar;C:\Users\ASUS\.m2\repository\com\squareup\okhttp3\okhttp\3.13.1\okhttp-3.13.1.jar;C:\Users\ASUS\.m2\repository\com\squareup\okio\okio\1.17.2\okio-1.17.2.jar;C:\Users\ASUS\.m2\repository\io\zipkin\zipkin2\zipkin\2.12.5\zipkin-2.12.5.jar;C:\Users\ASUS\.m2\repository\io\zipkin\brave\brave-spring-beans\5.6.3\brave-spring-beans-5.6.3.jar;C:\Users\ASUS\.m2\repository\io\zipkin\brave\brave\5.6.3\brave-5.6.3.jar;C:\Users\ASUS\.m2\repository\io\zipkin\brave\brave-instrumentation-http\5.6.3\brave-instrumentation-http-5.6.3.jar;C:\Users\ASUS\.m2\repository\io\zipkin\reporter2\zipkin-reporter-spring-beans\2.8.1\zipkin-reporter-spring-beans-2.8.1.jar;C:\Users\ASUS\.m2\repository\io\zipkin\brave\brave-context-slf4j\5.6.3\brave-context-slf4j-5.6.3.jar;C:\Users\ASUS\.m2\repository\io\zipkin\brave\brave-context-log4j2\5.6.3\brave-context-log4j2-5.6.3.jar;C:\Users\ASUS\.m2\repository\io\zipkin\brave\brave-instrumentation-spring-web\5.6.3\brave-instrumentation-spring-web-5.6.3.jar;C:\Users\ASUS\.m2\repository\io\zipkin\brave\brave-instrumentation-spring-webmvc\5.6.3\brave-instrumentation-spring-webmvc-5.6.3.jar;C:\Users\ASUS\.m2\repository\io\zipkin\brave\brave-instrumentation-servlet\5.6.3\brave-instrumentation-servlet-5.6.3.jar;C:\Users\ASUS\.m2\repository\io\zipkin\brave\brave-instrumentation-httpclient\5.6.3\brave-instrumentation-httpclient-5.6.3.jar;C:\Users\ASUS\.m2\repository\io\opentracing\brave\brave-opentracing\0.31.2\brave-opentracing-0.31.2.jar;C:\Users\ASUS\.m2\repository\io\opentracing\opentracing-api\0.31.0\opentracing-api-0.31.0.jar;C:\Users\ASUS\.m2\repository\javax\servlet\javax.servlet-api\3.1.0\javax.servlet-api-3.1.0.jar;C:\Users\ASUS\.m2\repository\com\digiwin\dwapiplatform-redis\3.1.0.1000\dwapiplatform-redis-3.1.0.1000.jar;C:\Users\ASUS\.m2\repository\redis\clients\jedis\2.9.0\jedis-2.9.0.jar;C:\Users\ASUS\.m2\repository\org\apache\commons\commons-pool2\2.5.0\commons-pool2-2.5.0.jar;C:\Users\ASUS\.m2\repository\org\springframework\boot\spring-boot-starter-data-redis\2.0.1.RELEASE\spring-boot-starter-data-redis-2.0.1.RELEASE.jar;C:\Users\ASUS\.m2\repository\io\lettuce\lettuce-core\5.0.3.RELEASE\lettuce-core-5.0.3.RELEASE.jar;C:\Users\ASUS\.m2\repository\io\projectreactor\reactor-core\3.1.4.RELEASE\reactor-core-3.1.4.RELEASE.jar;C:\Users\ASUS\.m2\repository\org\reactivestreams\reactive-streams\1.0.2\reactive-streams-1.0.2.jar;C:\Users\ASUS\.m2\repository\io\netty\netty-common\4.1.22.Final\netty-common-4.1.22.Final.jar;C:\Users\ASUS\.m2\repository\io\netty\netty-transport\4.1.22.Final\netty-transport-4.1.22.Final.jar;C:\Users\ASUS\.m2\repository\io\netty\netty-buffer\4.1.22.Final\netty-buffer-4.1.22.Final.jar;C:\Users\ASUS\.m2\repository\io\netty\netty-resolver\4.1.22.Final\netty-resolver-4.1.22.Final.jar;C:\Users\ASUS\.m2\repository\io\netty\netty-handler\4.1.22.Final\netty-handler-4.1.22.Final.jar;C:\Users\ASUS\.m2\repository\io\netty\netty-codec\4.1.22.Final\netty-codec-4.1.22.Final.jar;C:\Users\ASUS\.m2\repository\com\digiwin\dwapiplatform-utility\3.1.0.1000\dwapiplatform-utility-3.1.0.1000.jar;C:\Users\ASUS\.m2\repository\javax\mail\mail\1.4.7\mail-1.4.7.jar;C:\Users\ASUS\.m2\repository\javax\activation\activation\1.1\activation-1.1.jar;C:\Users\ASUS\.m2\repository\com\digiwin\dwapiplatform-iot\3.1.0.1000\dwapiplatform-iot-3.1.0.1000.jar;C:\Users\ASUS\.m2\repository\org\eclipse\paho\org.eclipse.paho.client.mqttv3\1.2.4\org.eclipse.paho.client.mqttv3-1.2.4.jar;C:\Users\ASUS\.m2\repository\org\springframework\integration\spring-integration-mqtt\5.0.4.RELEASE\spring-integration-mqtt-5.0.4.RELEASE.jar;C:\Users\ASUS\.m2\repository\org\springframework\integration\spring-integration-core\5.0.4.RELEASE\spring-integration-core-5.0.4.RELEASE.jar;C:\Users\ASUS\.m2\repository\org\springframework\retry\spring-retry\1.2.2.RELEASE\spring-retry-1.2.2.RELEASE.jar;C:\Users\ASUS\.m2\repository\com\digiwin\dwapiplatform-datapermission\3.1.0.1000\dwapiplatform-datapermission-3.1.0.1000.jar;C:\Users\ASUS\.m2\repository\com\digiwin\dwapiplatform-exception\3.1.0.1000\dwapiplatform-exception-3.1.0.1000.jar;C:\Users\ASUS\.m2\repository\javax\validation\validation-api\2.0.1.Final\validation-api-2.0.1.Final.jar;C:\Users\ASUS\.m2\repository\com\digiwin\dwapiplatform-springcontext\3.1.0.1000\dwapiplatform-springcontext-3.1.0.1000.jar;C:\Users\ASUS\.m2\repository\com\digiwin\DMC\1.2.0.1\DMC-1.2.0.1.jar;C:\Users\ASUS\.m2\repository\org\jmockit\jmockit\1.41\jmockit-1.41.jar;C:\Users\ASUS\.m2\repository\com\google\code\findbugs\jsr305\3.0.2\jsr305-3.0.2.jar;C:\Users\ASUS\.m2\repository\org\mockito\mockito-junit-jupiter\2.23.4\mockito-junit-jupiter-2.23.4.jar;C:\Users\ASUS\.m2\repository\org\mockito\mockito-core\2.23.4\mockito-core-2.23.4.jar;C:\Users\ASUS\.m2\repository\net\bytebuddy\byte-buddy\1.9.3\byte-buddy-1.9.3.jar;C:\Users\ASUS\.m2\repository\net\bytebuddy\byte-buddy-agent\1.9.3\byte-buddy-agent-1.9.3.jar;C:\Users\ASUS\.m2\repository\org\objenesis\objenesis\2.6\objenesis-2.6.jar;C:\Users\ASUS\.m2\repository\org\junit\jupiter\junit-jupiter-api\5.1.1\junit-jupiter-api-5.1.1.jar;C:\Users\ASUS\.m2\repository\org\opentest4j\opentest4j\1.0.0\opentest4j-1.0.0.jar;C:\Users\ASUS\.m2\repository\org\junit\platform\junit-platform-commons\1.1.1\junit-platform-commons-1.1.1.jar;C:\Users\ASUS\.m2\repository\org\junit\platform\junit-platform-runner\1.4.2\junit-platform-runner-1.4.2.jar;C:\Users\ASUS\.m2\repository\junit\junit\4.12\junit-4.12.jar;C:\Users\ASUS\.m2\repository\org\hamcrest\hamcrest-core\1.3\hamcrest-core-1.3.jar;C:\Users\ASUS\.m2\repository\org\apiguardian\apiguardian-api\1.0.0\apiguardian-api-1.0.0.jar;C:\Users\ASUS\.m2\repository\org\junit\platform\junit-platform-launcher\1.4.2\junit-platform-launcher-1.4.2.jar;C:\Users\ASUS\.m2\repository\org\junit\platform\junit-platform-suite-api\1.4.2\junit-platform-suite-api-1.4.2.jar;C:\Users\ASUS\.m2\repository\org\junit\jupiter\junit-jupiter-engine\5.2.0\junit-jupiter-engine-5.2.0.jar;C:\Users\ASUS\.m2\repository\org\junit\platform\junit-platform-engine\1.2.0\junit-platform-engine-1.2.0.jar;"/>
    <property name="java.vm.vendor" value="Oracle Corporation"/>
    <property name="sun.arch.data.model" value="64"/>
    <property name="user.variant" value=""/>
    <property name="java.vendor.url" value="http://java.oracle.com/"/>
    <property name="user.timezone" value="Asia/Taipei"/>
    <property name="java.vm.specification.version" value="1.8"/>
    <property name="os.name" value="Windows 10"/>
    <property name="user.country" value="TW"/>
    <property name="sun.java.launcher" value="SUN_STANDARD"/>
    <property name="sun.boot.library.path" value="C:\Users\ASUS\Desktop\sampleapp1_backend\develop\jdk\java-1.8.0-openjdk-1.8.0.191-1.b12.redhat.windows.x86_64\jre\bin"/>
    <property name="sun.java.command" value="C:\Users\ASUS\AppData\Local\Temp\surefire2788415384910255520\surefirebooter3310314636089875131.jar C:\Users\ASUS\AppData\Local\Temp\surefire2788415384910255520 2021-02-02T10-34-47_844-jvmRun1 surefire242826532450086476tmp surefire_04801049200311223793tmp"/>
    <property name="surefire.test.class.path" value="C:\Users\ASUS\Desktop\devom_backend\devom_backend\develop\module\DWWorkOrder\workorder-service-impl-dwworkorder\target\test-classes;C:\Users\ASUS\Desktop\devom_backend\devom_backend\develop\module\DWWorkOrder\workorder-service-impl-dwworkorder\target\classes;C:\Users\ASUS\Desktop\devom_backend\devom_backend\develop\module\DWWorkOrder\workorder-service-interface-dwworkorder\target\workorder-service-interface-dwworkorder-3.1.0.1000.jar;C:\Users\ASUS\.m2\repository\org\json\json\20180130\json-20180130.jar;C:\Users\ASUS\.m2\repository\org\springframework\spring-core\5.0.5.RELEASE\spring-core-5.0.5.RELEASE.jar;C:\Users\ASUS\.m2\repository\org\springframework\spring-jcl\5.0.5.RELEASE\spring-jcl-5.0.5.RELEASE.jar;C:\Users\ASUS\.m2\repository\org\springframework\spring-beans\5.0.5.RELEASE\spring-beans-5.0.5.RELEASE.jar;C:\Users\ASUS\.m2\repository\org\springframework\spring-context\5.0.5.RELEASE\spring-context-5.0.5.RELEASE.jar;C:\Users\ASUS\.m2\repository\org\springframework\spring-web\5.0.5.RELEASE\spring-web-5.0.5.RELEASE.jar;C:\Users\ASUS\.m2\repository\org\springframework\spring-orm\5.0.5.RELEASE\spring-orm-5.0.5.RELEASE.jar;C:\Users\ASUS\.m2\repository\org\springframework\spring-jdbc\5.0.5.RELEASE\spring-jdbc-5.0.5.RELEASE.jar;C:\Users\ASUS\.m2\repository\org\springframework\spring-tx\5.0.5.RELEASE\spring-tx-5.0.5.RELEASE.jar;C:\Users\ASUS\.m2\repository\org\springframework\spring-expression\5.0.5.RELEASE\spring-expression-5.0.5.RELEASE.jar;C:\Users\ASUS\.m2\repository\org\springframework\spring-jms\5.0.5.RELEASE\spring-jms-5.0.5.RELEASE.jar;C:\Users\ASUS\.m2\repository\org\springframework\spring-messaging\5.0.5.RELEASE\spring-messaging-5.0.5.RELEASE.jar;C:\Users\ASUS\.m2\repository\org\springframework\spring-context-support\5.0.5.RELEASE\spring-context-support-5.0.5.RELEASE.jar;C:\Users\ASUS\.m2\repository\org\springframework\spring-websocket\5.0.5.RELEASE\spring-websocket-5.0.5.RELEASE.jar;C:\Users\ASUS\.m2\repository\org\springframework\spring-test\5.0.5.RELEASE\spring-test-5.0.5.RELEASE.jar;C:\Users\ASUS\.m2\repository\org\springframework\spring-instrument\5.0.5.RELEASE\spring-instrument-5.0.5.RELEASE.jar;C:\Users\ASUS\.m2\repository\org\springframework\spring-aop\5.0.5.RELEASE\spring-aop-5.0.5.RELEASE.jar;C:\Users\ASUS\.m2\repository\org\springframework\spring-aspects\5.0.5.RELEASE\spring-aspects-5.0.5.RELEASE.jar;C:\Users\ASUS\.m2\repository\org\aspectj\aspectjweaver\1.8.13\aspectjweaver-1.8.13.jar;C:\Users\ASUS\.m2\repository\com\digiwin\DWQueue-saas\1.11\DWQueue-saas-1.11.jar;C:\Users\ASUS\.m2\repository\com\digiwin\DWQueue-core\1.11\DWQueue-core-1.11.jar;C:\Users\ASUS\.m2\repository\com\rabbitmq\amqp-client\4.11.0\amqp-client-4.11.0.jar;C:\Users\ASUS\.m2\repository\org\slf4j\slf4j-simple\1.6.6\slf4j-simple-1.6.6.jar;C:\Users\ASUS\.m2\repository\com\digiwin\DWQueue-tenant\1.11\DWQueue-tenant-1.11.jar;C:\Users\ASUS\.m2\repository\com\digiwin\dwapiplatform-cache\3.1.0.1000\dwapiplatform-cache-3.1.0.1000.jar;C:\Users\ASUS\.m2\repository\org\springframework\data\spring-data-redis\2.0.6.RELEASE\spring-data-redis-2.0.6.RELEASE.jar;C:\Users\ASUS\.m2\repository\org\springframework\data\spring-data-keyvalue\2.0.6.RELEASE\spring-data-keyvalue-2.0.6.RELEASE.jar;C:\Users\ASUS\.m2\repository\org\springframework\data\spring-data-commons\2.0.6.RELEASE\spring-data-commons-2.0.6.RELEASE.jar;C:\Users\ASUS\.m2\repository\org\springframework\spring-oxm\5.0.5.RELEASE\spring-oxm-5.0.5.RELEASE.jar;C:\Users\ASUS\.m2\repository\org\slf4j\slf4j-api\1.7.25\slf4j-api-1.7.25.jar;C:\Users\ASUS\.m2\repository\com\digiwin\dwapiplatform-tokenservice\3.1.0.1000\dwapiplatform-tokenservice-3.1.0.1000.jar;C:\Users\ASUS\.m2\repository\io\jsonwebtoken\jjwt\0.6.0\jjwt-0.6.0.jar;C:\Users\ASUS\.m2\repository\com\fasterxml\jackson\core\jackson-databind\2.4.2\jackson-databind-2.4.2.jar;C:\Users\ASUS\.m2\repository\com\fasterxml\jackson\core\jackson-annotations\2.4.0\jackson-annotations-2.4.0.jar;C:\Users\ASUS\.m2\repository\com\digiwin\dwapiplatform-filter\3.1.0.1000\dwapiplatform-filter-3.1.0.1000.jar;C:\Users\ASUS\.m2\repository\org\apache\commons\commons-lang3\3.7\commons-lang3-3.7.jar;C:\Users\ASUS\.m2\repository\com\auth0\java-jwt\3.3.0\java-jwt-3.3.0.jar;C:\Users\ASUS\.m2\repository\commons-codec\commons-codec\1.11\commons-codec-1.11.jar;C:\Users\ASUS\.m2\repository\com\digiwin\dwapiplatform-json\3.1.0.1000\dwapiplatform-json-3.1.0.1000.jar;C:\Users\ASUS\.m2\repository\com\google\code\gson\gson\2.8.2\gson-2.8.2.jar;C:\Users\ASUS\.m2\repository\com\digiwin\dwapiplatform-service\3.1.0.1000\dwapiplatform-service-3.1.0.1000.jar;C:\Users\ASUS\.m2\repository\org\springframework\boot\spring-boot-starter\2.0.1.RELEASE\spring-boot-starter-2.0.1.RELEASE.jar;C:\Users\ASUS\.m2\repository\org\springframework\boot\spring-boot-starter-logging\2.0.1.RELEASE\spring-boot-starter-logging-2.0.1.RELEASE.jar;C:\Users\ASUS\.m2\repository\ch\qos\logback\logback-classic\1.2.3\logback-classic-1.2.3.jar;C:\Users\ASUS\.m2\repository\ch\qos\logback\logback-core\1.2.3\logback-core-1.2.3.jar;C:\Users\ASUS\.m2\repository\org\apache\logging\log4j\log4j-to-slf4j\2.10.0\log4j-to-slf4j-2.10.0.jar;C:\Users\ASUS\.m2\repository\org\slf4j\jul-to-slf4j\1.7.25\jul-to-slf4j-1.7.25.jar;C:\Users\ASUS\.m2\repository\javax\annotation\javax.annotation-api\1.3.2\javax.annotation-api-1.3.2.jar;C:\Users\ASUS\.m2\repository\org\yaml\snakeyaml\1.19\snakeyaml-1.19.jar;C:\Users\ASUS\.m2\repository\com\digiwin\dwapiplatform-platformadapter\3.1.0.1000\dwapiplatform-platformadapter-3.1.0.1000.jar;C:\Users\ASUS\.m2\repository\com\digiwin\dwapiplatform-fuse\3.1.0.1000\dwapiplatform-fuse-3.1.0.1000.jar;C:\Users\ASUS\.m2\repository\io\github\resilience4j\resilience4j-all\1.1.0\resilience4j-all-1.1.0.jar;C:\Users\ASUS\.m2\repository\io\vavr\vavr\0.10.0\vavr-0.10.0.jar;C:\Users\ASUS\.m2\repository\io\vavr\vavr-match\0.10.0\vavr-match-0.10.0.jar;C:\Users\ASUS\.m2\repository\io\github\resilience4j\resilience4j-core\1.1.0\resilience4j-core-1.1.0.jar;C:\Users\ASUS\.m2\repository\io\github\resilience4j\resilience4j-ratelimiter\1.1.0\resilience4j-ratelimiter-1.1.0.jar;C:\Users\ASUS\.m2\repository\io\github\resilience4j\resilience4j-bulkhead\1.1.0\resilience4j-bulkhead-1.1.0.jar;C:\Users\ASUS\.m2\repository\io\github\resilience4j\resilience4j-circularbuffer\1.1.0\resilience4j-circularbuffer-1.1.0.jar;C:\Users\ASUS\.m2\repository\io\github\resilience4j\resilience4j-circuitbreaker\1.1.0\resilience4j-circuitbreaker-1.1.0.jar;C:\Users\ASUS\.m2\repository\io\github\resilience4j\resilience4j-retry\1.1.0\resilience4j-retry-1.1.0.jar;C:\Users\ASUS\.m2\repository\io\github\resilience4j\resilience4j-consumer\1.1.0\resilience4j-consumer-1.1.0.jar;C:\Users\ASUS\.m2\repository\io\github\resilience4j\resilience4j-cache\1.1.0\resilience4j-cache-1.1.0.jar;C:\Users\ASUS\.m2\repository\javax\cache\cache-api\1.1.0\cache-api-1.1.0.jar;C:\Users\ASUS\.m2\repository\io\github\resilience4j\resilience4j-timelimiter\1.1.0\resilience4j-timelimiter-1.1.0.jar;C:\Users\ASUS\.m2\repository\io\github\resilience4j\resilience4j-micrometer\1.1.0\resilience4j-micrometer-1.1.0.jar;C:\Users\ASUS\.m2\repository\io\github\resilience4j\resilience4j-prometheus\1.1.0\resilience4j-prometheus-1.1.0.jar;C:\Users\ASUS\.m2\repository\io\prometheus\simpleclient_common\0.6.0\simpleclient_common-0.6.0.jar;C:\Users\ASUS\.m2\repository\io\prometheus\simpleclient\0.6.0\simpleclient-0.6.0.jar;C:\Users\ASUS\.m2\repository\io\micrometer\micrometer-registry-prometheus\1.0.3\micrometer-registry-prometheus-1.0.3.jar;C:\Users\ASUS\.m2\repository\io\micrometer\micrometer-core\1.0.3\micrometer-core-1.0.3.jar;C:\Users\ASUS\.m2\repository\org\hdrhistogram\HdrHistogram\2.1.10\HdrHistogram-2.1.10.jar;C:\Users\ASUS\.m2\repository\org\latencyutils\LatencyUtils\2.0.3\LatencyUtils-2.0.3.jar;C:\Users\ASUS\.m2\repository\com\digiwin\dwapiplatform-launcher\3.1.0.1000\dwapiplatform-launcher-3.1.0.1000.jar;C:\Users\ASUS\.m2\repository\com\github\core-lib\xjar\v2.0.6\xjar-v2.0.6.jar;C:\Users\ASUS\.m2\repository\org\apache\commons\commons-compress\1.18\commons-compress-1.18.jar;C:\Users\ASUS\.m2\repository\com\github\core-lib\loadkit\v1.0.1\loadkit-v1.0.1.jar;C:\Users\ASUS\.m2\repository\com\digiwin\dwapiplatform-apolloreplica\3.1.0.1000\dwapiplatform-apolloreplica-3.1.0.1000.jar;C:\Users\ASUS\.m2\repository\com\ctrip\framework\apollo\apollo-client\1.4.0\apollo-client-1.4.0.jar;C:\Users\ASUS\.m2\repository\com\ctrip\framework\apollo\apollo-core\1.4.0\apollo-core-1.4.0.jar;C:\Users\ASUS\.m2\repository\com\google\guava\guava\19.0\guava-19.0.jar;C:\Users\ASUS\.m2\repository\com\google\inject\guice\4.1.0\guice-4.1.0.jar;C:\Users\ASUS\.m2\repository\javax\inject\javax.inject\1\javax.inject-1.jar;C:\Users\ASUS\.m2\repository\aopalliance\aopalliance\1.0\aopalliance-1.0.jar;C:\Users\ASUS\.m2\repository\org\springframework\boot\spring-boot\2.0.1.RELEASE\spring-boot-2.0.1.RELEASE.jar;C:\Users\ASUS\.m2\repository\org\springframework\boot\spring-boot-autoconfigure\2.0.1.RELEASE\spring-boot-autoconfigure-2.0.1.RELEASE.jar;C:\Users\ASUS\.m2\repository\commons-logging\commons-logging\1.2\commons-logging-1.2.jar;C:\Users\ASUS\.m2\repository\org\apache\logging\log4j\log4j-core\2.10.0\log4j-core-2.10.0.jar;C:\Users\ASUS\.m2\repository\org\apache\logging\log4j\log4j-api\2.10.0\log4j-api-2.10.0.jar;C:\Users\ASUS\.m2\repository\com\digiwin\dwapiplatform-server\3.1.0.1000\dwapiplatform-server-3.1.0.1000.jar;C:\Users\ASUS\.m2\repository\javaConsole\JavaConsole\1.0.0\JavaConsole-1.0.0.jar;C:\Users\ASUS\.m2\repository\com\digiwin\dwapiplatform-security\3.1.0.1000\dwapiplatform-security-3.1.0.1000.jar;C:\Users\ASUS\.m2\repository\org\springframework\boot\spring-boot-starter-web\2.0.1.RELEASE\spring-boot-starter-web-2.0.1.RELEASE.jar;C:\Users\ASUS\.m2\repository\org\springframework\boot\spring-boot-starter-json\2.0.1.RELEASE\spring-boot-starter-json-2.0.1.RELEASE.jar;C:\Users\ASUS\.m2\repository\com\fasterxml\jackson\datatype\jackson-datatype-jdk8\2.9.5\jackson-datatype-jdk8-2.9.5.jar;C:\Users\ASUS\.m2\repository\com\fasterxml\jackson\datatype\jackson-datatype-jsr310\2.9.5\jackson-datatype-jsr310-2.9.5.jar;C:\Users\ASUS\.m2\repository\com\fasterxml\jackson\module\jackson-module-parameter-names\2.9.5\jackson-module-parameter-names-2.9.5.jar;C:\Users\ASUS\.m2\repository\org\springframework\boot\spring-boot-starter-tomcat\2.0.1.RELEASE\spring-boot-starter-tomcat-2.0.1.RELEASE.jar;C:\Users\ASUS\.m2\repository\org\apache\tomcat\embed\tomcat-embed-core\8.5.29\tomcat-embed-core-8.5.29.jar;C:\Users\ASUS\.m2\repository\org\apache\tomcat\embed\tomcat-embed-el\8.5.29\tomcat-embed-el-8.5.29.jar;C:\Users\ASUS\.m2\repository\org\apache\tomcat\embed\tomcat-embed-websocket\8.5.29\tomcat-embed-websocket-8.5.29.jar;C:\Users\ASUS\.m2\repository\org\hibernate\validator\hibernate-validator\6.0.9.Final\hibernate-validator-6.0.9.Final.jar;C:\Users\ASUS\.m2\repository\org\jboss\logging\jboss-logging\3.3.2.Final\jboss-logging-3.3.2.Final.jar;C:\Users\ASUS\.m2\repository\com\fasterxml\classmate\1.3.4\classmate-1.3.4.jar;C:\Users\ASUS\.m2\repository\org\springframework\spring-webmvc\5.0.5.RELEASE\spring-webmvc-5.0.5.RELEASE.jar;C:\Users\ASUS\.m2\repository\com\digiwin\dwapiplatform-module\3.1.0.1000\dwapiplatform-module-3.1.0.1000.jar;C:\Users\ASUS\.m2\repository\org\apache\commons\commons-csv\1.1\commons-csv-1.1.jar;C:\Users\ASUS\.m2\repository\org\apache\commons\commons-vfs2\2.2\commons-vfs2-2.2.jar;C:\Users\ASUS\.m2\repository\com\digiwin\dwapiplatform-container\3.1.0.1000\dwapiplatform-container-3.1.0.1000.jar;C:\Users\ASUS\.m2\repository\com\digiwin\dwapiplatform-container-local\3.1.0.1000\dwapiplatform-container-local-3.1.0.1000.jar;C:\Users\ASUS\.m2\repository\org\apache\httpcomponents\httpclient\4.5.5\httpclient-4.5.5.jar;C:\Users\ASUS\.m2\repository\org\apache\httpcomponents\httpcore\4.4.9\httpcore-4.4.9.jar;C:\Users\ASUS\.m2\repository\com\digiwin\dwapiplatform-dao\3.1.0.1000\dwapiplatform-dao-3.1.0.1000.jar;C:\Users\ASUS\.m2\repository\com\github\jsqlparser\jsqlparser\3.1\jsqlparser-3.1.jar;C:\Users\ASUS\.m2\repository\org\apache\commons\commons-dbcp2\2.2.0\commons-dbcp2-2.2.0.jar;C:\Users\ASUS\.m2\repository\org\mariadb\jdbc\mariadb-java-client\2.2.3\mariadb-java-client-2.2.3.jar;C:\Users\ASUS\.m2\repository\com\alibaba\druid\1.0.29\druid-1.0.29.jar;C:\Users\ASUS\Desktop\sampleapp1_backend\develop\jdk\java-1.8.0-openjdk-1.8.0.191-1.b12.redhat.windows.x86_64\jre\..\lib\jconsole.jar;C:\Users\ASUS\Desktop\sampleapp1_backend\develop\jdk\java-1.8.0-openjdk-1.8.0.191-1.b12.redhat.windows.x86_64\jre\..\lib\tools.jar;C:\Users\ASUS\.m2\repository\com\mchange\c3p0\0.9.5.2\c3p0-0.9.5.2.jar;C:\Users\ASUS\.m2\repository\com\mchange\mchange-commons-java\0.2.11\mchange-commons-java-0.2.11.jar;C:\Users\ASUS\.m2\repository\javax\persistence\javax.persistence-api\2.2\javax.persistence-api-2.2.jar;C:\Users\ASUS\.m2\repository\commons-dbutils\commons-dbutils\1.6\commons-dbutils-1.6.jar;C:\Users\ASUS\.m2\repository\org\aspectj\aspectjrt\1.8.13\aspectjrt-1.8.13.jar;C:\Users\ASUS\.m2\repository\com\digiwin\dwapiplatform-dao-serializer\3.1.0.1000\dwapiplatform-dao-serializer-3.1.0.1000.jar;C:\Users\ASUS\.m2\repository\com\digiwin\dwapiplatform-resourcebundle\3.1.0.1000\dwapiplatform-resourcebundle-3.1.0.1000.jar;C:\Users\ASUS\.m2\repository\com\digiwin\dwapiplatform-iam\3.1.0.1000\dwapiplatform-iam-3.1.0.1000.jar;C:\Users\ASUS\.m2\repository\commons-io\commons-io\2.5\commons-io-2.5.jar;C:\Users\ASUS\.m2\repository\com\digiwin\dwapiplatform-httpclient\3.1.0.1000\dwapiplatform-httpclient-3.1.0.1000.jar;C:\Users\ASUS\.m2\repository\com\digiwin\dwapiplatform-schedule\3.1.0.1000\dwapiplatform-schedule-3.1.0.1000.jar;C:\Users\ASUS\.m2\repository\org\quartz-scheduler\quartz\2.3.0\quartz-2.3.0.jar;C:\Users\ASUS\.m2\repository\commons-collections\commons-collections\3.2.2\commons-collections-3.2.2.jar;C:\Users\ASUS\.m2\repository\net\sf\biweekly\biweekly\0.6.1\biweekly-0.6.1.jar;C:\Users\ASUS\.m2\repository\com\github\mangstadt\vinnie\2.0.0\vinnie-2.0.0.jar;C:\Users\ASUS\.m2\repository\com\fasterxml\jackson\core\jackson-core\2.6.1\jackson-core-2.6.1.jar;C:\Users\ASUS\.m2\repository\com\digiwin\dwapiplatform-eai\3.1.0.1000\dwapiplatform-eai-3.1.0.1000.jar;C:\Users\ASUS\.m2\repository\com\digiwin\dwapiplatform-restfulcontainer\3.1.0.1000\dwapiplatform-restfulcontainer-3.1.0.1000.jar;C:\Users\ASUS\.m2\repository\com\digiwin\dwapiplatform-log\3.1.0.1000\dwapiplatform-log-3.1.0.1000.jar;C:\Users\ASUS\.m2\repository\org\mongodb\mongo-java-driver\3.6.3\mongo-java-driver-3.6.3.jar;C:\Users\ASUS\.m2\repository\com\digiwin\dwapiplatform-springboot\3.1.0.1000\dwapiplatform-springboot-3.1.0.1000.jar;C:\Users\ASUS\.m2\repository\com\digiwin\dwapiplatform-metadata\3.1.0.1000\dwapiplatform-metadata-3.1.0.1000.jar;C:\Users\ASUS\.m2\repository\com\digiwin\dwapiplatform-serviceclient\3.1.0.1000\dwapiplatform-serviceclient-3.1.0.1000.jar;C:\Users\ASUS\.m2\repository\com\digiwin\dwapiplatform-persistconn\3.1.0.1000\dwapiplatform-persistconn-3.1.0.1000.jar;C:\Users\ASUS\.m2\repository\commons-beanutils\commons-beanutils\1.9.3\commons-beanutils-1.9.3.jar;C:\Users\ASUS\.m2\repository\com\digiwin\dwapiplatform-tracing\3.1.0.1000\dwapiplatform-tracing-3.1.0.1000.jar;C:\Users\ASUS\.m2\repository\io\zipkin\reporter2\zipkin-sender-okhttp3\2.8.1\zipkin-sender-okhttp3-2.8.1.jar;C:\Users\ASUS\.m2\repository\io\zipkin\reporter2\zipkin-reporter\2.8.1\zipkin-reporter-2.8.1.jar;C:\Users\ASUS\.m2\repository\com\squareup\okhttp3\okhttp\3.13.1\okhttp-3.13.1.jar;C:\Users\ASUS\.m2\repository\com\squareup\okio\okio\1.17.2\okio-1.17.2.jar;C:\Users\ASUS\.m2\repository\io\zipkin\zipkin2\zipkin\2.12.5\zipkin-2.12.5.jar;C:\Users\ASUS\.m2\repository\io\zipkin\brave\brave-spring-beans\5.6.3\brave-spring-beans-5.6.3.jar;C:\Users\ASUS\.m2\repository\io\zipkin\brave\brave\5.6.3\brave-5.6.3.jar;C:\Users\ASUS\.m2\repository\io\zipkin\brave\brave-instrumentation-http\5.6.3\brave-instrumentation-http-5.6.3.jar;C:\Users\ASUS\.m2\repository\io\zipkin\reporter2\zipkin-reporter-spring-beans\2.8.1\zipkin-reporter-spring-beans-2.8.1.jar;C:\Users\ASUS\.m2\repository\io\zipkin\brave\brave-context-slf4j\5.6.3\brave-context-slf4j-5.6.3.jar;C:\Users\ASUS\.m2\repository\io\zipkin\brave\brave-context-log4j2\5.6.3\brave-context-log4j2-5.6.3.jar;C:\Users\ASUS\.m2\repository\io\zipkin\brave\brave-instrumentation-spring-web\5.6.3\brave-instrumentation-spring-web-5.6.3.jar;C:\Users\ASUS\.m2\repository\io\zipkin\brave\brave-instrumentation-spring-webmvc\5.6.3\brave-instrumentation-spring-webmvc-5.6.3.jar;C:\Users\ASUS\.m2\repository\io\zipkin\brave\brave-instrumentation-servlet\5.6.3\brave-instrumentation-servlet-5.6.3.jar;C:\Users\ASUS\.m2\repository\io\zipkin\brave\brave-instrumentation-httpclient\5.6.3\brave-instrumentation-httpclient-5.6.3.jar;C:\Users\ASUS\.m2\repository\io\opentracing\brave\brave-opentracing\0.31.2\brave-opentracing-0.31.2.jar;C:\Users\ASUS\.m2\repository\io\opentracing\opentracing-api\0.31.0\opentracing-api-0.31.0.jar;C:\Users\ASUS\.m2\repository\javax\servlet\javax.servlet-api\3.1.0\javax.servlet-api-3.1.0.jar;C:\Users\ASUS\.m2\repository\com\digiwin\dwapiplatform-redis\3.1.0.1000\dwapiplatform-redis-3.1.0.1000.jar;C:\Users\ASUS\.m2\repository\redis\clients\jedis\2.9.0\jedis-2.9.0.jar;C:\Users\ASUS\.m2\repository\org\apache\commons\commons-pool2\2.5.0\commons-pool2-2.5.0.jar;C:\Users\ASUS\.m2\repository\org\springframework\boot\spring-boot-starter-data-redis\2.0.1.RELEASE\spring-boot-starter-data-redis-2.0.1.RELEASE.jar;C:\Users\ASUS\.m2\repository\io\lettuce\lettuce-core\5.0.3.RELEASE\lettuce-core-5.0.3.RELEASE.jar;C:\Users\ASUS\.m2\repository\io\projectreactor\reactor-core\3.1.4.RELEASE\reactor-core-3.1.4.RELEASE.jar;C:\Users\ASUS\.m2\repository\org\reactivestreams\reactive-streams\1.0.2\reactive-streams-1.0.2.jar;C:\Users\ASUS\.m2\repository\io\netty\netty-common\4.1.22.Final\netty-common-4.1.22.Final.jar;C:\Users\ASUS\.m2\repository\io\netty\netty-transport\4.1.22.Final\netty-transport-4.1.22.Final.jar;C:\Users\ASUS\.m2\repository\io\netty\netty-buffer\4.1.22.Final\netty-buffer-4.1.22.Final.jar;C:\Users\ASUS\.m2\repository\io\netty\netty-resolver\4.1.22.Final\netty-resolver-4.1.22.Final.jar;C:\Users\ASUS\.m2\repository\io\netty\netty-handler\4.1.22.Final\netty-handler-4.1.22.Final.jar;C:\Users\ASUS\.m2\repository\io\netty\netty-codec\4.1.22.Final\netty-codec-4.1.22.Final.jar;C:\Users\ASUS\.m2\repository\com\digiwin\dwapiplatform-utility\3.1.0.1000\dwapiplatform-utility-3.1.0.1000.jar;C:\Users\ASUS\.m2\repository\javax\mail\mail\1.4.7\mail-1.4.7.jar;C:\Users\ASUS\.m2\repository\javax\activation\activation\1.1\activation-1.1.jar;C:\Users\ASUS\.m2\repository\com\digiwin\dwapiplatform-iot\3.1.0.1000\dwapiplatform-iot-3.1.0.1000.jar;C:\Users\ASUS\.m2\repository\org\eclipse\paho\org.eclipse.paho.client.mqttv3\1.2.4\org.eclipse.paho.client.mqttv3-1.2.4.jar;C:\Users\ASUS\.m2\repository\org\springframework\integration\spring-integration-mqtt\5.0.4.RELEASE\spring-integration-mqtt-5.0.4.RELEASE.jar;C:\Users\ASUS\.m2\repository\org\springframework\integration\spring-integration-core\5.0.4.RELEASE\spring-integration-core-5.0.4.RELEASE.jar;C:\Users\ASUS\.m2\repository\org\springframework\retry\spring-retry\1.2.2.RELEASE\spring-retry-1.2.2.RELEASE.jar;C:\Users\ASUS\.m2\repository\com\digiwin\dwapiplatform-datapermission\3.1.0.1000\dwapiplatform-datapermission-3.1.0.1000.jar;C:\Users\ASUS\.m2\repository\com\digiwin\dwapiplatform-exception\3.1.0.1000\dwapiplatform-exception-3.1.0.1000.jar;C:\Users\ASUS\.m2\repository\javax\validation\validation-api\2.0.1.Final\validation-api-2.0.1.Final.jar;C:\Users\ASUS\.m2\repository\com\digiwin\dwapiplatform-springcontext\3.1.0.1000\dwapiplatform-springcontext-3.1.0.1000.jar;C:\Users\ASUS\.m2\repository\com\digiwin\DMC\1.2.0.1\DMC-1.2.0.1.jar;C:\Users\ASUS\.m2\repository\org\jmockit\jmockit\1.41\jmockit-1.41.jar;C:\Users\ASUS\.m2\repository\com\google\code\findbugs\jsr305\3.0.2\jsr305-3.0.2.jar;C:\Users\ASUS\.m2\repository\org\mockito\mockito-junit-jupiter\2.23.4\mockito-junit-jupiter-2.23.4.jar;C:\Users\ASUS\.m2\repository\org\mockito\mockito-core\2.23.4\mockito-core-2.23.4.jar;C:\Users\ASUS\.m2\repository\net\bytebuddy\byte-buddy\1.9.3\byte-buddy-1.9.3.jar;C:\Users\ASUS\.m2\repository\net\bytebuddy\byte-buddy-agent\1.9.3\byte-buddy-agent-1.9.3.jar;C:\Users\ASUS\.m2\repository\org\objenesis\objenesis\2.6\objenesis-2.6.jar;C:\Users\ASUS\.m2\repository\org\junit\jupiter\junit-jupiter-api\5.1.1\junit-jupiter-api-5.1.1.jar;C:\Users\ASUS\.m2\repository\org\opentest4j\opentest4j\1.0.0\opentest4j-1.0.0.jar;C:\Users\ASUS\.m2\repository\org\junit\platform\junit-platform-commons\1.1.1\junit-platform-commons-1.1.1.jar;C:\Users\ASUS\.m2\repository\org\junit\platform\junit-platform-runner\1.4.2\junit-platform-runner-1.4.2.jar;C:\Users\ASUS\.m2\repository\junit\junit\4.12\junit-4.12.jar;C:\Users\ASUS\.m2\repository\org\hamcrest\hamcrest-core\1.3\hamcrest-core-1.3.jar;C:\Users\ASUS\.m2\repository\org\apiguardian\apiguardian-api\1.0.0\apiguardian-api-1.0.0.jar;C:\Users\ASUS\.m2\repository\org\junit\platform\junit-platform-launcher\1.4.2\junit-platform-launcher-1.4.2.jar;C:\Users\ASUS\.m2\repository\org\junit\platform\junit-platform-suite-api\1.4.2\junit-platform-suite-api-1.4.2.jar;C:\Users\ASUS\.m2\repository\org\junit\jupiter\junit-jupiter-engine\5.2.0\junit-jupiter-engine-5.2.0.jar;C:\Users\ASUS\.m2\repository\org\junit\platform\junit-platform-engine\1.2.0\junit-platform-engine-1.2.0.jar;"/>
    <property name="sun.cpu.endian" value="little"/>
    <property name="user.home" value="C:\Users\ASUS"/>
    <property name="user.language" value="zh"/>
    <property name="java.specification.vendor" value="Oracle Corporation"/>
    <property name="java.home" value="C:\Users\ASUS\Desktop\sampleapp1_backend\develop\jdk\java-1.8.0-openjdk-1.8.0.191-1.b12.redhat.windows.x86_64\jre"/>
    <property name="basedir" value="C:\Users\ASUS\Desktop\devom_backend\devom_backend\develop\module\DWWorkOrder\workorder-service-impl-dwworkorder"/>
    <property name="file.separator" value="\"/>
    <property name="line.separator" value="&#10;"/>
    <property name="java.vm.specification.vendor" value="Oracle Corporation"/>
    <property name="java.specification.name" value="Java Platform API Specification"/>
    <property name="java.awt.graphicsenv" value="sun.awt.Win32GraphicsEnvironment"/>
    <property name="surefire.real.class.path" value="C:\Users\ASUS\AppData\Local\Temp\surefire2788415384910255520\surefirebooter3310314636089875131.jar"/>
    <property name="sun.boot.class.path" value="C:\Users\ASUS\Desktop\sampleapp1_backend\develop\jdk\java-1.8.0-openjdk-1.8.0.191-1.b12.redhat.windows.x86_64\jre\lib\resources.jar;C:\Users\ASUS\Desktop\sampleapp1_backend\develop\jdk\java-1.8.0-openjdk-1.8.0.191-1.b12.redhat.windows.x86_64\jre\lib\rt.jar;C:\Users\ASUS\Desktop\sampleapp1_backend\develop\jdk\java-1.8.0-openjdk-1.8.0.191-1.b12.redhat.windows.x86_64\jre\lib\sunrsasign.jar;C:\Users\ASUS\Desktop\sampleapp1_backend\develop\jdk\java-1.8.0-openjdk-1.8.0.191-1.b12.redhat.windows.x86_64\jre\lib\jsse.jar;C:\Users\ASUS\Desktop\sampleapp1_backend\develop\jdk\java-1.8.0-openjdk-1.8.0.191-1.b12.redhat.windows.x86_64\jre\lib\jce.jar;C:\Users\ASUS\Desktop\sampleapp1_backend\develop\jdk\java-1.8.0-openjdk-1.8.0.191-1.b12.redhat.windows.x86_64\jre\lib\charsets.jar;C:\Users\ASUS\Desktop\sampleapp1_backend\develop\jdk\java-1.8.0-openjdk-1.8.0.191-1.b12.redhat.windows.x86_64\jre\lib\jfr.jar;C:\Users\ASUS\Desktop\sampleapp1_backend\develop\jdk\java-1.8.0-openjdk-1.8.0.191-1.b12.redhat.windows.x86_64\jre\classes"/>
    <property name="user.script" value=""/>
    <property name="sun.management.compiler" value="HotSpot 64-Bit Tiered Compilers"/>
    <property name="java.runtime.version" value="1.8.0_191-1-redhat-b12"/>
    <property name="user.name" value="ASUS"/>
    <property name="path.separator" value=";"/>
    <property name="os.version" value="10.0"/>
    <property name="java.endorsed.dirs" value="C:\Users\ASUS\Desktop\sampleapp1_backend\develop\jdk\java-1.8.0-openjdk-1.8.0.191-1.b12.redhat.windows.x86_64\jre\lib\endorsed"/>
    <property name="java.runtime.name" value="OpenJDK Runtime Environment"/>
    <property name="file.encoding" value="MS950"/>
    <property name="java.vm.name" value="OpenJDK 64-Bit Server VM"/>
    <property name="localRepository" value="C:\Users\ASUS\.m2\repository"/>
    <property name="java.vendor.url.bug" value="http://bugreport.sun.com/bugreport/"/>
    <property name="java.io.tmpdir" value="C:\Users\ASUS\AppData\Local\Temp\"/>
    <property name="java.version" value="1.8.0_191-1-redhat"/>
    <property name="user.dir" value="C:\Users\ASUS\Desktop\devom_backend\devom_backend\develop\module\DWWorkOrder\workorder-service-impl-dwworkorder"/>
    <property name="os.arch" value="amd64"/>
    <property name="java.vm.specification.name" value="Java Virtual Machine Specification"/>
    <property name="java.awt.printerjob" value="sun.awt.windows.WPrinterJob"/>
    <property name="idea.version2019.1.3" value="true"/>
    <property name="sun.os.patch.level" value=""/>
    <property name="java.library.path" value="C:\Users\ASUS\Desktop\sampleapp1_backend\develop\jdk\java-1.8.0-openjdk-1.8.0.191-1.b12.redhat.windows.x86_64\jre\bin;C:\WINDOWS\Sun\Java\bin;C:\WINDOWS\system32;C:\WINDOWS;C:\Program Files\Java\java-1.8.0-openjdk-1.8.0.191-1.b12.redhat.windows.x86_64\bin;C:\Program Files (x86)\Common Files\Oracle\Java\javapath;C:\WINDOWS\system32;C:\WINDOWS;C:\WINDOWS\System32\Wbem;C:\WINDOWS\System32\WindowsPowerShell\v1.0\;C:\WINDOWS\System32\OpenSSH\;C:\Program Files\Git\cmd;C:\Program Files\Redis\;C:\Users\ASUS\AppData\Local\Programs\Python\Python38-32\;C:\Users\ASUS\AppData\Local\Programs\Python\Python38-32\Scripts\;C:\Program Files\apache-maven-3.6.3\bin;C:\Program Files\MySQL\MySQL Server 5.7\bin;C:\Program Files\Java\java-1.8.0-openjdk-1.8.0.191-1.b12.redhat.windows.x86_64\bin;C:\Users\ASUS\AppData\Local\Microsoft\WindowsApps;;."/>
    <property name="java.vm.info" value="mixed mode"/>
    <property name="java.vendor" value="Oracle Corporation"/>
    <property name="java.vm.version" value="25.191-b12"/>
    <property name="java.ext.dirs" value="C:\Users\ASUS\Desktop\sampleapp1_backend\develop\jdk\java-1.8.0-openjdk-1.8.0.191-1.b12.redhat.windows.x86_64\jre\lib\ext;C:\WINDOWS\Sun\Java\lib\ext"/>
    <property name="sun.io.unicode.encoding" value="UnicodeLittle"/>
    <property name="java.class.version" value="52.0"/>
  </properties>
  <testcase name="postMessageByUser" classname="com.digiwin.workorder.dwworkorder.service.impl.WorkOrderServiceTest" time="0.421"/>
  <testcase name="delete" classname="com.digiwin.workorder.dwworkorder.service.impl.WorkOrderServiceTest" time="0.081"/>
  <testcase name="postMessageByAssignee" classname="com.digiwin.workorder.dwworkorder.service.impl.WorkOrderServiceTest" time="0.083"/>
  <testcase name="putAccept" classname="com.digiwin.workorder.dwworkorder.service.impl.WorkOrderServiceTest" time="0.143"/>
  <testcase name="putCancel" classname="com.digiwin.workorder.dwworkorder.service.impl.WorkOrderServiceTest" time="0.083"/>
  <testcase name="putSolved" classname="com.digiwin.workorder.dwworkorder.service.impl.WorkOrderServiceTest" time="0.12"/>
  <testcase name="getList" classname="com.digiwin.workorder.dwworkorder.service.impl.WorkOrderServiceTest" time="0.134"/>
  <testcase name="get" classname="com.digiwin.workorder.dwworkorder.service.impl.WorkOrderServiceTest" time="0.218"/>
  <testcase name="post" classname="com.digiwin.workorder.dwworkorder.service.impl.WorkOrderServiceTest" time="0.166"/>
  <testcase name="getRemark" classname="com.digiwin.workorder.dwworkorder.service.impl.WorkOrderServiceTest" time="0.065"/>
  <testcase name="putTransfer" classname="com.digiwin.workorder.dwworkorder.service.impl.WorkOrderServiceTest" time="0.125"/>
  <testcase name="postRemark" classname="com.digiwin.workorder.dwworkorder.service.impl.WorkOrderServiceTest" time="0.068"/>
  <testcase name="putClose" classname="com.digiwin.workorder.dwworkorder.service.impl.WorkOrderServiceTest" time="0.071"/>
</testsuite>